DemoGame001/Temp/gradleOut/unityLibrary/build/intermediates/manifest_merge_blame_file/debug/manifest-merger-blame-debug-report.txt
1<?xml version="1.0" encoding="utf-8"?>
2<!-- GENERATED BY UNITY. REMOVE THIS COMMENT TO PREVENT OVERWRITING WHEN EXPORTING AGAIN -->
3<manifest xmlns:android="http://schemas.android.com/apk/res/android"
4    xmlns:tools="http://schemas.android.com/tools"
5    package="com.unity3d.player"
6    android:installLocation="auto"
7    android:versionCode="1"
8    android:versionName="0.1" >
9
10    <uses-sdk
11        android:minSdkVersion="23"
11-->src/main/AndroidManifest.xml
12        android:targetSdkVersion="29" />
12-->src/main/AndroidManifest.xml
13
14    <uses-feature android:glEsVersion="0x00030000" />
14-->src/main/AndroidManifest.xml:23:3-52
14-->src/main/AndroidManifest.xml:23:17-49
15
16    <supports-gl-texture android:name="GL_KHR_texture_compression_astc_ldr" />
16-->src/main/AndroidManifest.xml:24:3-77
16-->src/main/AndroidManifest.xml:24:24-74
17
18    <uses-permission android:name="android.permission.INTERNET" />
18-->src/main/AndroidManifest.xml:25:3-65
18-->src/main/AndroidManifest.xml:25:20-62
19    <uses-permission android:name="android.permission.RECORD_AUDIO" />
19-->src/main/AndroidManifest.xml:26:3-69
19-->src/main/AndroidManifest.xml:26:20-66
20    <uses-permission android:name="android.permission.MODIFY_AUDIO_SETTINGS" />
20-->src/main/AndroidManifest.xml:27:3-78
20-->src/main/AndroidManifest.xml:27:20-75
21
22    <uses-feature
22-->src/main/AndroidManifest.xml:28:3-87
23        android:name="android.hardware.microphone"
23-->src/main/AndroidManifest.xml:28:17-59
24        android:required="false" />
24-->src/main/AndroidManifest.xml:28:60-84
25    <uses-feature
25-->src/main/AndroidManifest.xml:29:3-97
26        android:name="android.hardware.sensor.accelerometer"
26-->src/main/AndroidManifest.xml:29:17-69
27        android:required="false" />
27-->src/main/AndroidManifest.xml:29:70-94
28    <uses-feature
28-->src/main/AndroidManifest.xml:30:3-88
29        android:name="android.hardware.touchscreen"
29-->src/main/AndroidManifest.xml:30:17-60
30        android:required="false" />
30-->src/main/AndroidManifest.xml:30:61-85
31    <uses-feature
31-->src/main/AndroidManifest.xml:31:3-99
32        android:name="android.hardware.touchscreen.multitouch"
32-->src/main/AndroidManifest.xml:31:17-71
33        android:required="false" />
33-->src/main/AndroidManifest.xml:31:72-96
34    <uses-feature
34-->src/main/AndroidManifest.xml:32:3-108
35        android:name="android.hardware.touchscreen.multitouch.distinct"
35-->src/main/AndroidManifest.xml:32:17-80
36        android:required="false" />
36-->src/main/AndroidManifest.xml:32:81-105
37    <uses-feature
37-->src/main/AndroidManifest.xml:33:3-111
38        android:name="android.hardware.vr.headtracking"
38-->src/main/AndroidManifest.xml:33:17-64
39        android:required="true"
39-->src/main/AndroidManifest.xml:33:65-88
40        android:version="1" />
40-->src/main/AndroidManifest.xml:33:89-108
41
42    <application
42-->src/main/AndroidManifest.xml:4:3-22:17
43        android:allowBackup="false"
43-->src/main/AndroidManifest.xml:4:81-108
44        android:icon="@mipmap/app_icon"
44-->src/main/AndroidManifest.xml:4:49-80
45        android:label="@string/app_name"
45-->src/main/AndroidManifest.xml:4:16-48
46        android:networkSecurityConfig="@xml/network_sec_config" >
46-->src/main/AndroidManifest.xml:4:109-164
47        <activity
47-->src/main/AndroidManifest.xml:5:5-14:16
48            android:name="com.unity3d.player.UnityPlayerActivity"
48-->src/main/AndroidManifest.xml:5:15-68
49            android:configChanges="keyboard|keyboardHidden|navigation|orientation|screenLayout|screenSize|uiMode"
49-->src/main/AndroidManifest.xml:5:204-305
50            android:hardwareAccelerated="false"
50-->src/main/AndroidManifest.xml:5:306-341
51            android:launchMode="singleTask"
51-->src/main/AndroidManifest.xml:5:172-203
52            android:screenOrientation="landscape"
52-->src/main/AndroidManifest.xml:5:134-171
53            android:theme="@android:style/Theme.Black.NoTitleBar.Fullscreen" >
53-->src/main/AndroidManifest.xml:5:69-133
54            <intent-filter>
54-->src/main/AndroidManifest.xml:6:7-10:23
55                <action android:name="android.intent.action.MAIN" />
55-->src/main/AndroidManifest.xml:7:9-61
55-->src/main/AndroidManifest.xml:7:17-58
56
57                <category android:name="android.intent.category.LAUNCHER" />
57-->src/main/AndroidManifest.xml:8:9-69
57-->src/main/AndroidManifest.xml:8:19-66
58                <category android:name="com.oculus.intent.category.VR" />
58-->src/main/AndroidManifest.xml:9:9-66
58-->src/main/AndroidManifest.xml:9:19-63
59            </intent-filter>
60
61            <meta-data
61-->src/main/AndroidManifest.xml:11:7-82
62                android:name="unityplayer.UnityActivity"
62-->src/main/AndroidManifest.xml:11:18-58
63                android:value="true" />
63-->src/main/AndroidManifest.xml:11:59-79
64            <meta-data
64-->src/main/AndroidManifest.xml:12:7-78
65                android:name="android.notch_support"
65-->src/main/AndroidManifest.xml:12:18-54
66                android:value="true" />
66-->src/main/AndroidManifest.xml:12:55-75
67            <meta-data
67-->src/main/AndroidManifest.xml:13:7-81
68                android:name="com.oculus.vr.focusaware"
68-->src/main/AndroidManifest.xml:13:18-57
69                android:value="true" />
69-->src/main/AndroidManifest.xml:13:58-78
70        </activity>
71
72        <meta-data
72-->src/main/AndroidManifest.xml:15:5-69
73            android:name="unity.splash-mode"
73-->src/main/AndroidManifest.xml:15:16-48
74            android:value="0" />
74-->src/main/AndroidManifest.xml:15:49-66
75        <meta-data
75-->src/main/AndroidManifest.xml:16:5-74
76            android:name="unity.splash-enable"
76-->src/main/AndroidManifest.xml:16:16-50
77            android:value="True" />
77-->src/main/AndroidManifest.xml:16:51-71
78        <meta-data
78-->src/main/AndroidManifest.xml:17:5-81
79            android:name="notch.config"
79-->src/main/AndroidManifest.xml:17:16-43
80            android:value="portrait|landscape" />
80-->src/main/AndroidManifest.xml:17:44-78
81        <meta-data
81-->src/main/AndroidManifest.xml:18:5-101
82            android:name="unity.build-id"
82-->src/main/AndroidManifest.xml:18:16-45
83            android:value="65cde828-ab3c-4990-b754-5b3661fc8aad" />
83-->src/main/AndroidManifest.xml:18:46-98
84        <meta-data
84-->src/main/AndroidManifest.xml:19:5-97
85            android:name="com.samsung.android.vr.application.mode"
85-->src/main/AndroidManifest.xml:19:16-70
86            android:value="vr_only" />
86-->src/main/AndroidManifest.xml:19:71-94
87        <meta-data
87-->src/main/AndroidManifest.xml:20:5-91
88            android:name="com.unity.xr.oculus.LowOverheadMode"
88-->src/main/AndroidManifest.xml:20:16-66
89            android:value="false" />
89-->src/main/AndroidManifest.xml:20:67-88
90        <meta-data
90-->src/main/AndroidManifest.xml:21:5-90
91            android:name="com.oculus.supportedDevices"
91-->src/main/AndroidManifest.xml:21:16-58
92            android:value="quest|quest2" />
92-->src/main/AndroidManifest.xml:21:59-87
93    </application>
94
95</manifest>